# JRE version: Java(TM) SE Runtime Environment (17.0.12+8) (build 17.0.12+8-LTS-286)
# Java VM: Java HotSpot(TM) 64-Bit Server VM (17.0.12+8-LTS-286, mixed mode, sharing, tiered, compressed oops, compressed class ptrs, g1 gc, windows-amd64)
GC Precious Log:
 CPUs: 4 total, 4 available
 Memory: 16277M
 Large Page Support: Disabled
 NUMA Support: Disabled
 Compressed Oops: Enabled (Zero based)
 Heap Region Size: 2M
 Heap Min Capacity: 8M
 Heap Initial Capacity: 256M
 Heap Max Capacity: 4070M
 Pre-touch: Disabled
 Parallel Workers: 4
 Concurrent Workers: 1
 Concurrent Refinement Workers: 4
 Periodic GC: Disabled
Heap:
 garbage-first heap   total 1044480K, used 222169K [0x0000000701a00000, 0x0000000800000000)
  region size 2048K, 9 young (18432K), 9 survivors (18432K)
 Metaspace       used 290150K, committed 293824K, reserved 1376256K
  class space    used 36145K, committed 38336K, reserved 1048576K
GC Heap History (20 events):
Event: 18550.927 GC heap after
{Heap after GC invocations=398 (full 1):
 garbage-first heap   total 1093632K, used 350804K [0x0000000701a00000, 0x0000000800000000)
  region size 2048K, 1 young (2048K), 1 survivors (2048K)
 Metaspace       used 315680K, committed 318656K, reserved 1376256K
  class space    used 39096K, committed 40576K, reserved 1048576K
}
Event: 18550.939 GC heap before
{Heap before GC invocations=398 (full 1):
 garbage-first heap   total 1093632K, used 352852K [0x0000000701a00000, 0x0000000800000000)
  region size 2048K, 3 young (6144K), 1 survivors (2048K)
 Metaspace       used 315680K, committed 318656K, reserved 1376256K
  class space    used 39096K, committed 40576K, reserved 1048576K
}
Event: 18550.941 GC heap after
{Heap after GC invocations=399 (full 1):
 garbage-first heap   total 1093632K, used 351806K [0x0000000701a00000, 0x0000000800000000)
  region size 2048K, 2 young (4096K), 2 survivors (4096K)
 Metaspace       used 315680K, committed 318656K, reserved 1376256K
  class space    used 39096K, committed 40576K, reserved 1048576K
}
Event: 18593.659 GC heap before
{Heap before GC invocations=400 (full 1):
 garbage-first heap   total 1093632K, used 757310K [0x0000000701a00000, 0x0000000800000000)
  region size 2048K, 186 young (380928K), 2 survivors (4096K)
 Metaspace       used 315415K, committed 318464K, reserved 1376256K
  class space    used 39076K, committed 40576K, reserved 1048576K
}
Event: 18593.708 GC heap after
{Heap after GC invocations=401 (full 1):
 garbage-first heap   total 1093632K, used 367754K [0x0000000701a00000, 0x0000000800000000)
  region size 2048K, 13 young (26624K), 13 survivors (26624K)
 Metaspace       used 315415K, committed 318464K, reserved 1376256K
  class space    used 39076K, committed 40576K, reserved 1048576K
}
Event: 18593.836 GC heap before
{Heap before GC invocations=401 (full 1):
 garbage-first heap   total 1093632K, used 394378K [0x0000000701a00000, 0x0000000800000000)
  region size 2048K, 26 young (53248K), 13 survivors (26624K)
 Metaspace       used 315415K, committed 318464K, reserved 1376256K
  class space    used 39076K, committed 40576K, reserved 1048576K
}
Event: 18593.903 GC heap after
{Heap after GC invocations=402 (full 1):
 garbage-first heap   total 1093632K, used 317411K [0x0000000701a00000, 0x0000000800000000)
  region size 2048K, 2 young (4096K), 2 survivors (4096K)
 Metaspace       used 315415K, committed 318464K, reserved 1376256K
  class space    used 39076K, committed 40576K, reserved 1048576K
}
Event: 18693.703 GC heap before
{Heap before GC invocations=402 (full 1):
 garbage-first heap   total 1093632K, used 618467K [0x0000000701a00000, 0x0000000800000000)
  region size 2048K, 150 young (307200K), 2 survivors (4096K)
 Metaspace       used 315500K, committed 318464K, reserved 1376256K
  class space    used 39076K, committed 40576K, reserved 1048576K
}
Event: 18693.734 GC heap after
{Heap after GC invocations=403 (full 1):
 garbage-first heap   total 1093632K, used 336529K [0x0000000701a00000, 0x0000000800000000)
  region size 2048K, 11 young (22528K), 11 survivors (22528K)
 Metaspace       used 315500K, committed 318464K, reserved 1376256K
  class space    used 39076K, committed 40576K, reserved 1048576K
}
Event: 18861.147 GC heap before
{Heap before GC invocations=404 (full 1):
 garbage-first heap   total 1044480K, used 774801K [0x0000000701a00000, 0x0000000800000000)
  region size 2048K, 225 young (460800K), 11 survivors (22528K)
 Metaspace       used 290028K, committed 293760K, reserved 1376256K
  class space    used 36145K, committed 38336K, reserved 1048576K
}
Event: 18861.186 GC heap after
{Heap after GC invocations=405 (full 1):
 garbage-first heap   total 1044480K, used 277244K [0x0000000701a00000, 0x0000000800000000)
  region size 2048K, 3 young (6144K), 3 survivors (6144K)
 Metaspace       used 290028K, committed 293760K, reserved 1376256K
  class space    used 36145K, committed 38336K, reserved 1048576K
}
Event: 18861.465 GC heap before
{Heap before GC invocations=405 (full 1):
 garbage-first heap   total 1044480K, used 322300K [0x0000000701a00000, 0x0000000800000000)
  region size 2048K, 25 young (51200K), 3 survivors (6144K)
 Metaspace       used 290031K, committed 293760K, reserved 1376256K
  class space    used 36145K, committed 38336K, reserved 1048576K
}
Event: 18861.507 GC heap after
{Heap after GC invocations=406 (full 1):
 garbage-first heap   total 1044480K, used 235692K [0x0000000701a00000, 0x0000000800000000)
  region size 2048K, 4 young (8192K), 4 survivors (8192K)
 Metaspace       used 290031K, committed 293760K, reserved 1376256K
  class space    used 36145K, committed 38336K, reserved 1048576K
}
Event: 18862.594 GC heap before
{Heap before GC invocations=406 (full 1):
 garbage-first heap   total 1044480K, used 417964K [0x0000000701a00000, 0x0000000800000000)
  region size 2048K, 94 young (192512K), 4 survivors (8192K)
 Metaspace       used 290036K, committed 293760K, reserved 1376256K
  class space    used 36145K, committed 38336K, reserved 1048576K
}
Event: 18862.632 GC heap after
{Heap after GC invocations=407 (full 1):
 garbage-first heap   total 1044480K, used 248752K [0x0000000701a00000, 0x0000000800000000)
  region size 2048K, 11 young (22528K), 11 survivors (22528K)
 Metaspace       used 290036K, committed 293760K, reserved 1376256K
  class space    used 36145K, committed 38336K, reserved 1048576K
}
Event: 19092.034 GC heap before
{Heap before GC invocations=408 (full 1):
 garbage-first heap   total 1044480K, used 936880K [0x0000000701a00000, 0x0000000800000000)
  region size 2048K, 261 young (534528K), 11 survivors (22528K)
 Metaspace       used 290139K, committed 293824K, reserved 1376256K
  class space    used 36145K, committed 38336K, reserved 1048576K
}
Event: 19092.062 GC heap after
{Heap after GC invocations=409 (full 1):
 garbage-first heap   total 1044480K, used 222239K [0x0000000701a00000, 0x0000000800000000)
  region size 2048K, 4 young (8192K), 4 survivors (8192K)
 Metaspace       used 290139K, committed 293824K, reserved 1376256K
  class space    used 36145K, committed 38336K, reserved 1048576K
}
Event: 19092.439 GC heap before
{Heap before GC invocations=409 (full 1):
 garbage-first heap   total 1044480K, used 263199K [0x0000000701a00000, 0x0000000800000000)
  region size 2048K, 25 young (51200K), 4 survivors (8192K)
 Metaspace       used 290139K, committed 293824K, reserved 1376256K
  class space    used 36145K, committed 38336K, reserved 1048576K
}
Event: 19092.463 GC heap after
{Heap after GC invocations=410 (full 1):
 garbage-first heap   total 1044480K, used 212026K [0x0000000701a00000, 0x0000000800000000)
  region size 2048K, 4 young (8192K), 4 survivors (8192K)
 Metaspace       used 290139K, committed 293824K, reserved 1376256K
  class space    used 36145K, committed 38336K, reserved 1048576K
}
Event: 19093.722 GC heap before
{Heap before GC invocations=410 (full 1):
 garbage-first heap   total 1044480K, used 298042K [0x0000000701a00000, 0x0000000800000000)
  region size 2048K, 47 young (96256K), 4 survivors (8192K)
 Metaspace       used 290150K, committed 293824K, reserved 1376256K
  class space    used 36145K, committed 38336K, reserved 1048576K
}

